[01m[K/home/sudhansu/Desktop/ros2_intermediate_cource/my_ws/src/my_robot_hardware/src/my_robot_hardware.cpp:[m[K In member function â€˜[01m[Kvirtual hardware_interface::return_type my_robot_hardware::MyRobotHardware::read(const rclcpp::Time&, const rclcpp::Duration&)[m[Kâ€™:
[01m[K/home/sudhansu/Desktop/ros2_intermediate_cource/my_ws/src/my_robot_hardware/src/my_robot_hardware.cpp:49:3:[m[K [01;31m[Kerror: [m[Kâ€˜[01m[Kserial_port_[m[Kâ€™ was not declared in this scope
   49 |   [01;31m[Kserial_port_[m[K.ReadLine(response);
      |   [01;31m[K^~~~~~~~~~~~[m[K
[01m[K/home/sudhansu/Desktop/ros2_intermediate_cource/my_ws/src/my_robot_hardware/src/my_robot_hardware.cpp:[m[K In member function â€˜[01m[Kvirtual hardware_interface::return_type my_robot_hardware::MyRobotHardware::write(const rclcpp::Time&, const rclcpp::Duration&)[m[Kâ€™:
[01m[K/home/sudhansu/Desktop/ros2_intermediate_cource/my_ws/src/my_robot_hardware/src/my_robot_hardware.cpp:74:3:[m[K [01;31m[Kerror: [m[Kâ€˜[01m[Kserial_port_[m[Kâ€™ was not declared in this scope
   74 |   [01;31m[Kserial_port_[m[K.Write(msg);
      |   [01;31m[K^~~~~~~~~~~~[m[K
gmake[2]: *** [CMakeFiles/my_robot_hardware.dir/build.make:76: CMakeFiles/my_robot_hardware.dir/src/my_robot_hardware.cpp.o] Error 1
gmake[1]: *** [CMakeFiles/Makefile2:137: CMakeFiles/my_robot_hardware.dir/all] Error 2
gmake: *** [Makefile:146: all] Error 2
