[0.014s] Invoking command in '/home/sudhansu/Desktop/ros2_intermediate_cource/my_ws/build/my_robot_hardware': CMAKE_PREFIX_PATH=${CMAKE_PREFIX_PATH}:/home/sudhansu/install/my_robot_controller:/home/sudhansu/Desktop/ROS2/ros2_workspace/install/urdf_rviz_r2d2:/home/sudhansu/Desktop/ROS2/ros2_workspace/install/py_srvcli:/home/sudhansu/Desktop/ROS2/ros2_workspace/install/my_robot_controller:/opt/ros/humble /usr/bin/cmake --build /home/sudhansu/Desktop/ros2_intermediate_cource/my_ws/build/my_robot_hardware -- -j8 -l8
[0.047s] [35m[1mConsolidate compiler generated dependencies of target my_robot_hardware[0m
[0.063s] [ 50%] [32mBuilding CXX object CMakeFiles/my_robot_hardware.dir/src/my_robot_hardware.cpp.o[0m
[1.875s] In file included from [01m[K/opt/ros/humble/include/class_loader/class_loader/class_loader.hpp:50[m[K,
[1.876s]                  from [01m[K/opt/ros/humble/include/pluginlib/pluginlib/class_list_macros.hpp:40[m[K,
[1.876s]                  from [01m[K/home/sudhansu/Desktop/ros2_intermediate_cource/my_ws/src/my_robot_hardware/src/my_robot_hardware.cpp:81[m[K:
[1.876s] [01m[K/usr/include/console_bridge/console.h:115:31:[m[K [01;31m[Kerror: [m[Kâ€˜[01m[Kstring[m[Kâ€™ in namespace â€˜[01m[Kmy_robot_hardware::std[m[Kâ€™ does not name a type
[1.876s]   115 |   virtual void log(const std::[01;31m[Kstring[m[K &text, LogLevel level, const char *filename, int line) = 0;
[1.876s]       |                               [01;31m[K^~~~~~[m[K
[1.876s] [01m[K/usr/include/console_bridge/console.h:126:31:[m[K [01;31m[Kerror: [m[Kâ€˜[01m[Kstring[m[Kâ€™ in namespace â€˜[01m[Kmy_robot_hardware::std[m[Kâ€™ does not name a type
[1.876s]   126 |   virtual void log(const std::[01;31m[Kstring[m[K &text, LogLevel level, const char *filename, int line);
[1.876s]       |                               [01;31m[K^~~~~~[m[K
[1.876s] [01m[K/usr/include/console_bridge/console.h:138:31:[m[K [01;31m[Kerror: [m[Kâ€˜[01m[Kstring[m[Kâ€™ in namespace â€˜[01m[Kmy_robot_hardware::std[m[Kâ€™ does not name a type
[1.876s]   138 |   virtual void log(const std::[01;31m[Kstring[m[K &text, LogLevel level, const char *filename, int line);
[1.876s]       |                               [01;31m[K^~~~~~[m[K
[1.876s] In file included from [01m[K/opt/ros/humble/include/class_loader/class_loader/class_loader_core.hpp:56[m[K,
[1.876s]                  from [01m[K/opt/ros/humble/include/class_loader/class_loader/class_loader.hpp:55[m[K,
[1.877s]                  from [01m[K/opt/ros/humble/include/pluginlib/pluginlib/class_list_macros.hpp:40[m[K,
[1.877s]                  from [01m[K/home/sudhansu/Desktop/ros2_intermediate_cource/my_ws/src/my_robot_hardware/src/my_robot_hardware.cpp:81[m[K:
[1.877s] [01m[K/opt/ros/humble/include/class_loader/class_loader/exceptions.hpp:48:1:[m[K [01;31m[Kerror: [m[Kexpected class-name before â€˜[01m[K{[m[Kâ€™ token
[1.877s]    48 | [01;31m[K{[m[K
[1.877s]       | [01;31m[K^[m[K
[1.877s] [01m[K/opt/ros/humble/include/class_loader/class_loader/exceptions.hpp:50:51:[m[K [01;31m[Kerror: [m[Kâ€˜[01m[Kstring[m[Kâ€™ in namespace â€˜[01m[Kmy_robot_hardware::std[m[Kâ€™ does not name a type
[1.877s]    50 |   explicit inline ClassLoaderException(const std::[01;31m[Kstring[m[K & error_desc)
[1.877s]       |                                                   [01;31m[K^~~~~~[m[K
[1.877s] [01m[K/opt/ros/humble/include/class_loader/class_loader/exceptions.hpp:[m[K In constructor â€˜[01m[Kmy_robot_hardware::class_loader::ClassLoaderException::ClassLoaderException(const int&)[m[Kâ€™:
[1.877s] [01m[K/opt/ros/humble/include/class_loader/class_loader/exceptions.hpp:51:23:[m[K [01;31m[Kerror: [m[Kexpected class-name before â€˜[01m[K([m[Kâ€™ token
[1.877s]    51 |   : std::runtime_error[01;31m[K([m[Kerror_desc)
[1.877s]       |                       [01;31m[K^[m[K
[1.877s] [01m[K/opt/ros/humble/include/class_loader/class_loader/exceptions.hpp:51:23:[m[K [01;31m[Kerror: [m[Kexpected â€˜[01m[K{[m[Kâ€™ before â€˜[01m[K([m[Kâ€™ token
[1.877s] [01m[K/opt/ros/humble/include/class_loader/class_loader/exceptions.hpp:[m[K At global scope:
[1.877s] [01m[K/opt/ros/humble/include/class_loader/class_loader/exceptions.hpp:62:51:[m[K [01;31m[Kerror: [m[Kâ€˜[01m[Kstring[m[Kâ€™ in namespace â€˜[01m[Kmy_robot_hardware::std[m[Kâ€™ does not name a type
[1.878s]    62 |   explicit inline LibraryLoadException(const std::[01;31m[Kstring[m[K & error_desc)
[1.878s]       |                                                   [01;31m[K^~~~~~[m[K
[1.878s] [01m[K/opt/ros/humble/include/class_loader/class_loader/exceptions.hpp:74:53:[m[K [01;31m[Kerror: [m[Kâ€˜[01m[Kstring[m[Kâ€™ in namespace â€˜[01m[Kmy_robot_hardware::std[m[Kâ€™ does not name a type
[1.878s]    74 |   explicit inline LibraryUnloadException(const std::[01;31m[Kstring[m[K & error_desc)
[1.878s]       |                                                     [01;31m[K^~~~~~[m[K
[1.878s] [01m[K/opt/ros/humble/include/class_loader/class_loader/exceptions.hpp:86:51:[m[K [01;31m[Kerror: [m[Kâ€˜[01m[Kstring[m[Kâ€™ in namespace â€˜[01m[Kmy_robot_hardware::std[m[Kâ€™ does not name a type
[1.878s]    86 |   explicit inline CreateClassException(const std::[01;31m[Kstring[m[K & error_desc)
[1.878s]       |                                                   [01;31m[K^~~~~~[m[K
[1.878s] [01m[K/opt/ros/humble/include/class_loader/class_loader/exceptions.hpp:99:59:[m[K [01;31m[Kerror: [m[Kâ€˜[01m[Kstring[m[Kâ€™ in namespace â€˜[01m[Kmy_robot_hardware::std[m[Kâ€™ does not name a type
[1.878s]    99 |   explicit inline NoClassLoaderExistsException(const std::[01;31m[Kstring[m[K & error_desc)
[1.878s]       |                                                           [01;31m[K^~~~~~[m[K
[1.878s] In file included from [01m[K/opt/ros/humble/include/class_loader/class_loader/class_loader_core.hpp:57[m[K,
[1.878s]                  from [01m[K/opt/ros/humble/include/class_loader/class_loader/class_loader.hpp:55[m[K,
[1.878s]                  from [01m[K/opt/ros/humble/include/pluginlib/pluginlib/class_list_macros.hpp:40[m[K,
[1.878s]                  from [01m[K/home/sudhansu/Desktop/ros2_intermediate_cource/my_ws/src/my_robot_hardware/src/my_robot_hardware.cpp:81[m[K:
[1.878s] [01m[K/opt/ros/humble/include/class_loader/class_loader/meta_object.hpp:64:16:[m[K [01;31m[Kerror: [m[Kâ€˜[01m[Kstring[m[Kâ€™ in namespace â€˜[01m[Kmy_robot_hardware::std[m[Kâ€™ does not name a type
[1.879s]    64 |     const std::[01;31m[Kstring[m[K & class_name,
[1.879s]       |                [01;31m[K^~~~~~[m[K
[1.879s] [01m[K/opt/ros/humble/include/class_loader/class_loader/meta_object.hpp:65:16:[m[K [01;31m[Kerror: [m[Kâ€˜[01m[Kstring[m[Kâ€™ in namespace â€˜[01m[Kmy_robot_hardware::std[m[Kâ€™ does not name a type
[1.879s]    65 |     const std::[01;31m[Kstring[m[K & base_class_name,
[1.879s]       |                [01;31m[K^~~~~~[m[K
[1.879s] [01m[K/opt/ros/humble/include/class_loader/class_loader/meta_object.hpp:66:16:[m[K [01;31m[Kerror: [m[Kâ€˜[01m[Kstring[m[Kâ€™ in namespace â€˜[01m[Kmy_robot_hardware::std[m[Kâ€™ does not name a type
[1.879s]    66 |     const std::[01;31m[Kstring[m[K & typeid_base_class_name = "UNSET");
[1.879s]       |                [01;31m[K^~~~~~[m[K
[1.879s] [01m[K/opt/ros/humble/include/class_loader/class_loader/meta_object.hpp:79:14:[m[K [01;31m[Kerror: [m[Kâ€˜[01m[Kstring[m[Kâ€™ in namespace â€˜[01m[Kmy_robot_hardware::std[m[Kâ€™ does not name a type
[1.879s]    79 |   const std::[01;31m[Kstring[m[K & className() const;
[1.879s]       |              [01;31m[K^~~~~~[m[K
[1.879s] [01m[K/opt/ros/humble/include/class_loader/class_loader/meta_object.hpp:84:14:[m[K [01;31m[Kerror: [m[Kâ€˜[01m[Kstring[m[Kâ€™ in namespace â€˜[01m[Kmy_robot_hardware::std[m[Kâ€™ does not name a type
[1.879s]    84 |   const std::[01;31m[Kstring[m[K & baseClassName() const;
[1.879s]       |              [01;31m[K^~~~~~[m[K
[1.879s] [01m[K/opt/ros/humble/include/class_loader/class_loader/meta_object.hpp:88:14:[m[K [01;31m[Kerror: [m[Kâ€˜[01m[Kstring[m[Kâ€™ in namespace â€˜[01m[Kmy_robot_hardware::std[m[Kâ€™ does not name a type
[1.879s]    88 |   const std::[01;31m[Kstring[m[K & typeidBaseClassName() const;
[1.880s]       |              [01;31m[K^~~~~~[m[K
[1.880s] [01m[K/opt/ros/humble/include/class_loader/class_loader/meta_object.hpp:95:14:[m[K [01;31m[Kerror: [m[Kâ€˜[01m[Kstring[m[Kâ€™ in namespace â€˜[01m[Kmy_robot_hardware::std[m[Kâ€™ does not name a type
[1.880s]    95 |   const std::[01;31m[Kstring[m[K & getAssociatedLibraryPath() const;
[1.880s]       |              [01;31m[K^~~~~~[m[K
[1.880s] [01m[K/opt/ros/humble/include/class_loader/class_loader/meta_object.hpp:100:44:[m[K [01;31m[Kerror: [m[Kâ€˜[01m[Kstring[m[Kâ€™ in namespace â€˜[01m[Kmy_robot_hardware::std[m[Kâ€™ does not name a type
[1.880s]   100 |   void setAssociatedLibraryPath(const std::[01;31m[Kstring[m[K & library_path);
[1.880s]       |                                            [01;31m[K^~~~~~[m[K
[1.886s] [01m[K/opt/ros/humble/include/class_loader/class_loader/meta_object.hpp:66:50:[m[K [01;31m[Kerror: [m[Kinvalid conversion from â€˜[01m[Kconst char*[m[Kâ€™ to â€˜[01m[Kint[m[Kâ€™ [[01;31m[K]8;;https://gcc.gnu.org/onlinedocs/gcc/Warning-Options.html#index-fpermissive-fpermissive]8;;[m[K]
[1.886s]    66 |     const std::string & typeid_base_class_name = [01;31m[K"UNSET"[m[K);
[1.886s]       |                                                  [01;31m[K^~~~~~~[m[K
[1.886s]       |                                                  [01;31m[K|[m[K
[1.886s]       |                                                  [01;31m[Kconst char*[m[K
[1.886s] [01m[K/opt/ros/humble/include/class_loader/class_loader/meta_object.hpp:171:33:[m[K [01;31m[Kerror: [m[Kâ€˜[01m[Kstring[m[Kâ€™ in namespace â€˜[01m[Kmy_robot_hardware::std[m[Kâ€™ does not name a type
[1.887s]   171 |   AbstractMetaObject(const std::[01;31m[Kstring[m[K & class_name, const std::string & base_class_name)
[1.887s]       |                                 [01;31m[K^~~~~~[m[K
[1.887s] [01m[K/opt/ros/humble/include/class_loader/class_loader/meta_object.hpp:171:65:[m[K [01;31m[Kerror: [m[Kâ€˜[01m[Kstring[m[Kâ€™ in namespace â€˜[01m[Kmy_robot_hardware::std[m[Kâ€™ does not name a type
[1.887s]   171 | stractMetaObject(const std::string & class_name, const std::[01;31m[Kstring[m[K & base_class_name)
[1.887s]       |                                                             [01;31m[K^~~~~~[m[K
[1.887s] 
[1.887s] [01m[K/opt/ros/humble/include/class_loader/class_loader/meta_object.hpp:205:25:[m[K [01;31m[Kerror: [m[Kâ€˜[01m[Kstring[m[Kâ€™ in namespace â€˜[01m[Kmy_robot_hardware::std[m[Kâ€™ does not name a type
[1.887s]   205 |   MetaObject(const std::[01;31m[Kstring[m[K & class_name, const std::string & base_class_name)
[1.887s]       |                         [01;31m[K^~~~~~[m[K
[1.887s] [01m[K/opt/ros/humble/include/class_loader/class_loader/meta_object.hpp:205:57:[m[K [01;31m[Kerror: [m[Kâ€˜[01m[Kstring[m[Kâ€™ in namespace â€˜[01m[Kmy_robot_hardware::std[m[Kâ€™ does not name a type
[1.887s]   205 |   MetaObject(const std::string & class_name, const std::[01;31m[Kstring[m[K & base_class_name)
[1.887s]       |                                                         [01;31m[K^~~~~~[m[K
[1.887s] In file included from [01m[K/opt/ros/humble/include/class_loader/class_loader/class_loader.hpp:55[m[K,
[1.887s]                  from [01m[K/opt/ros/humble/include/pluginlib/pluginlib/class_list_macros.hpp:40[m[K,
[1.887s]                  from [01m[K/home/sudhansu/Desktop/ros2_intermediate_cource/my_ws/src/my_robot_hardware/src/my_robot_hardware.cpp:81[m[K:
[1.887s] [01m[K/opt/ros/humble/include/class_loader/class_loader/class_loader_core.hpp:76:14:[m[K [01;31m[Kerror: [m[Kâ€˜[01m[Kstring[m[Kâ€™ in namespace â€˜[01m[Kmy_robot_hardware::std[m[Kâ€™ does not name a type
[1.888s]    76 | typedef std::[01;31m[Kstring[m[K LibraryPath;
[1.888s]       |              [01;31m[K^~~~~~[m[K
[1.888s] [01m[K/opt/ros/humble/include/class_loader/class_loader/class_loader_core.hpp:77:14:[m[K [01;31m[Kerror: [m[Kâ€˜[01m[Kstring[m[Kâ€™ in namespace â€˜[01m[Kmy_robot_hardware::std[m[Kâ€™ does not name a type
[1.888s]    77 | typedef std::[01;31m[Kstring[m[K ClassName;
[1.888s]       |              [01;31m[K^~~~~~[m[K
[1.888s] [01m[K/opt/ros/humble/include/class_loader/class_loader/class_loader_core.hpp:78:14:[m[K [01;31m[Kerror: [m[Kâ€˜[01m[Kstring[m[Kâ€™ in namespace â€˜[01m[Kmy_robot_hardware::std[m[Kâ€™ does not name a type
[1.888s]    78 | typedef std::[01;31m[Kstring[m[K BaseClassName;
[1.888s]       |              [01;31m[K^~~~~~[m[K
[1.888s] [01m[K/opt/ros/humble/include/class_loader/class_loader/class_loader_core.hpp:79:14:[m[K [01;31m[Kerror: [m[Kâ€˜[01m[Kmap[m[Kâ€™ in namespace â€˜[01m[Kmy_robot_hardware::std[m[Kâ€™ does not name a template type
[1.888s]    79 | typedef std::[01;31m[Kmap[m[K<ClassName, impl::AbstractMetaObjectBase *> FactoryMap;
[1.888s]       |              [01;31m[K^~~[m[K
[1.888s] [01m[K/opt/ros/humble/include/class_loader/class_loader/class_loader_core.hpp:80:14:[m[K [01;31m[Kerror: [m[Kâ€˜[01m[Kmap[m[Kâ€™ in namespace â€˜[01m[Kmy_robot_hardware::std[m[Kâ€™ does not name a template type
[1.888s]    80 | typedef std::[01;31m[Kmap[m[K<BaseClassName, FactoryMap> BaseToFactoryMapMap;
[1.888s]       |              [01;31m[K^~~[m[K
[1.888s] [01m[K/opt/ros/humble/include/class_loader/class_loader/class_loader_core.hpp:81:14:[m[K [01;31m[Kerror: [m[Kâ€˜[01m[Kpair[m[Kâ€™ in namespace â€˜[01m[Kmy_robot_hardware::std[m[Kâ€™ does not name a template type
[1.889s]    81 | typedef std::[01;31m[Kpair[m[K<LibraryPath, std::shared_ptr<rcpputils::SharedLibrary>> LibraryPair;
[1.889s]       |              [01;31m[K^~~~[m[K
[1.889s] [01m[K/opt/ros/humble/include/class_loader/class_loader/class_loader_core.hpp:82:14:[m[K [01;31m[Kerror: [m[Kâ€˜[01m[Kvector[m[Kâ€™ in namespace â€˜[01m[Kmy_robot_hardware::std[m[Kâ€™ does not name a template type
[1.889s]    82 | typedef std::[01;31m[Kvector[m[K<LibraryPair> LibraryVector;
[1.889s]       |              [01;31m[K^~~~~~[m[K
[1.889s] [01m[K/opt/ros/humble/include/class_loader/class_loader/class_loader_core.hpp:83:14:[m[K [01;31m[Kerror: [m[Kâ€˜[01m[Kvector[m[Kâ€™ in namespace â€˜[01m[Kmy_robot_hardware::std[m[Kâ€™ does not name a template type
[1.889s]    83 | typedef std::[01;31m[Kvector[m[K<AbstractMetaObjectBase *> MetaObjectVector;
[1.889s]       |              [01;31m[K^~~~~~[m[K
[1.889s] [01m[K/opt/ros/humble/include/class_loader/class_loader/class_loader_core.hpp:100:1:[m[K [01;31m[Kerror: [m[Kâ€˜[01m[KBaseToFactoryMapMap[m[Kâ€™ does not name a type
[1.889s]   100 | [01;31m[KBaseToFactoryMapMap[m[K & getGlobalPluginBaseToFactoryMapMap();
[1.889s]       | [01;31m[K^~~~~~~~~~~~~~~~~~~[m[K
[1.890s] [01m[K/opt/ros/humble/include/class_loader/class_loader/class_loader_core.hpp:109:1:[m[K [01;31m[Kerror: [m[Kâ€˜[01m[KLibraryVector[m[Kâ€™ does not name a type
[1.890s]   109 | [01;31m[KLibraryVector[m[K & getLoadedLibraryVector();
[1.890s]       | [01;31m[K^~~~~~~~~~~~~[m[K
[1.890s] [01m[K/opt/ros/humble/include/class_loader/class_loader/class_loader_core.hpp:118:6:[m[K [01;31m[Kerror: [m[Kâ€˜[01m[Kstring[m[Kâ€™ in namespace â€˜[01m[Kmy_robot_hardware::std[m[Kâ€™ does not name a type
[1.890s]   118 | std::[01;31m[Kstring[m[K getCurrentlyLoadingLibraryName();
[1.891s]       |      [01;31m[K^~~~~~[m[K
[1.891s] [01m[K/opt/ros/humble/include/class_loader/class_loader/class_loader_core.hpp:126:48:[m[K [01;31m[Kerror: [m[Kâ€˜[01m[Kstring[m[Kâ€™ in namespace â€˜[01m[Kmy_robot_hardware::std[m[Kâ€™ does not name a type
[1.891s]   126 | void setCurrentlyLoadingLibraryName(const std::[01;31m[Kstring[m[K & library_name);
[1.891s]       |                                                [01;31m[K^~~~~~[m[K
[1.891s] [01m[K/opt/ros/humble/include/class_loader/class_loader/class_loader_core.hpp:154:1:[m[K [01;31m[Kerror: [m[Kâ€˜[01m[KFactoryMap[m[Kâ€™ does not name a type
[1.891s]   154 | [01;31m[KFactoryMap[m[K & getFactoryMapForBaseClass(const std::string & typeid_base_class_name);
[1.891s]       | [01;31m[K^~~~~~~~~~[m[K
[1.892s] [01m[K/opt/ros/humble/include/class_loader/class_loader/class_loader_core.hpp:162:1:[m[K [01;31m[Kerror: [m[Kâ€˜[01m[KFactoryMap[m[Kâ€™ does not name a type
[1.892s]   162 | [01;31m[KFactoryMap[m[K & getFactoryMapForBaseClass()
[1.893s]       | [01;31m[K^~~~~~~~~~[m[K
[1.893s] [01m[K/opt/ros/humble/include/class_loader/class_loader/class_loader_core.hpp:176:6:[m[K [01;31m[Kerror: [m[Kâ€˜[01m[Krecursive_mutex[m[Kâ€™ in namespace â€˜[01m[Kmy_robot_hardware::std[m[Kâ€™ does not name a type
[1.893s]   176 | std::[01;31m[Krecursive_mutex[m[K & getLoadedLibraryVectorMutex();
[1.893s]       |      [01;31m[K^~~~~~~~~~~~~~~[m[K
[1.893s] [01m[K/opt/ros/humble/include/class_loader/class_loader/class_loader_core.hpp:178:6:[m[K [01;31m[Kerror: [m[Kâ€˜[01m[Krecursive_mutex[m[Kâ€™ in namespace â€˜[01m[Kmy_robot_hardware::std[m[Kâ€™ does not name a type
[1.893s]   178 | std::[01;31m[Krecursive_mutex[m[K & getPluginBaseToFactoryMapMapMutex();
[1.893s]       |      [01;31m[K^~~~~~~~~~~~~~~[m[K
[1.893s] [01m[K/opt/ros/humble/include/class_loader/class_loader/class_loader_core.hpp:210:32:[m[K [01;31m[Kerror: [m[Kâ€˜[01m[Kstring[m[Kâ€™ in namespace â€˜[01m[Kmy_robot_hardware::std[m[Kâ€™ does not name a type
[1.893s]   210 | void registerPlugin(const std::[01;31m[Kstring[m[K & class_name, const std::string & base_class_name)
[1.893s]       |                                [01;31m[K^~~~~~[m[K
[1.893s] [01m[K/opt/ros/humble/include/class_loader/class_loader/class_loader_core.hpp:210:64:[m[K [01;31m[Kerror: [m[Kâ€˜[01m[Kstring[m[Kâ€™ in namespace â€˜[01m[Kmy_robot_hardware::std[m[Kâ€™ does not name a type
[1.893s]   210 | d registerPlugin(const std::string & class_name, const std::[01;31m[Kstring[m[K & base_class_name)
[1.893s]       |                                                             [01;31m[K^~~~~~[m[K
[1.893s] 
[1.894s] In file included from [01m[K/opt/ros/humble/include/class_loader/class_loader/class_loader.hpp:50[m[K,
[1.894s]                  from [01m[K/opt/ros/humble/include/pluginlib/pluginlib/class_list_macros.hpp:40[m[K,
[1.894s]                  from [01m[K/home/sudhansu/Desktop/ros2_intermediate_cource/my_ws/src/my_robot_hardware/src/my_robot_hardware.cpp:81[m[K:
[1.894s] [01m[K/opt/ros/humble/include/class_loader/class_loader/class_loader_core.hpp:[m[K In function â€˜[01m[Kvoid my_robot_hardware::class_loader::impl::registerPlugin(const int&, const int&)[m[Kâ€™:
[1.894s] [01m[K/opt/ros/humble/include/class_loader/class_loader/class_loader_core.hpp:215:3:[m[K [01;31m[Kerror: [m[Krequest for member â€˜[01m[Kc_str[m[Kâ€™ in â€˜[01m[Kclass_name[m[Kâ€™, which is of non-class type â€˜[01m[Kconst int[m[Kâ€™
[1.894s]   215 |   [01;31m[KCONSOLE_BRIDGE_logDebug[m[K(
[1.894s]       |   [01;31m[K^~~~~~~~~~~~~~~~~~~~~~~[m[K
[1.894s] [01m[K/opt/ros/humble/include/class_loader/class_loader/class_loader_core.hpp:215:3:[m[K [01;31m[Kerror: [m[Kthere are no arguments to â€˜[01m[KgetCurrentlyLoadingLibraryName[m[Kâ€™ that depend on a template parameter, so a declaration of â€˜[01m[KgetCurrentlyLoadingLibraryName[m[Kâ€™ must be available [[01;31m[K]8;;https://gcc.gnu.org/onlinedocs/gcc/Warning-Options.html#index-fpermissive-fpermissive]8;;[m[K]
[1.894s]   215 |   [01;31m[KCONSOLE_BRIDGE_logDebug[m[K(
[1.894s]       |   [01;31m[K^~~~~~~~~~~~~~~~~~~~~~~[m[K
[1.894s] [01m[K/opt/ros/humble/include/class_loader/class_loader/class_loader_core.hpp:215:3:[m[K [01;36m[Knote: [m[K(if you use â€˜[01m[K-fpermissive[m[Kâ€™, G++ will accept your code, but allowing the use of an undeclared name is deprecated)
[1.894s] In file included from [01m[K/opt/ros/humble/include/class_loader/class_loader/class_loader.hpp:55[m[K,
[1.894s]                  from [01m[K/opt/ros/humble/include/pluginlib/pluginlib/class_list_macros.hpp:40[m[K,
[1.894s]                  from [01m[K/home/sudhansu/Desktop/ros2_intermediate_cource/my_ws/src/my_robot_hardware/src/my_robot_hardware.cpp:81[m[K:
[1.894s] [01m[K/opt/ros/humble/include/class_loader/class_loader/class_loader_core.hpp:246:41:[m[K [01;31m[Kerror: [m[Kthere are no arguments to â€˜[01m[KgetCurrentlyLoadingLibraryName[m[Kâ€™ that depend on a template parameter, so a declaration of â€˜[01m[KgetCurrentlyLoadingLibraryName[m[Kâ€™ must be available [[01;31m[K]8;;https://gcc.gnu.org/onlinedocs/gcc/Warning-Options.html#index-fpermissive-fpermissive]8;;[m[K]
[1.895s]   246 |   new_factory->setAssociatedLibraryPath([01;31m[KgetCurrentlyLoadingLibraryName[m[K());
[1.895s]       |                                         [01;31m[K^~~~~~~~~~~~~~~~~~~~~~~~~~~~~~[m[K
[1.895s] [01m[K/opt/ros/humble/include/class_loader/class_loader/class_loader_core.hpp:250:3:[m[K [01;31m[Kerror: [m[Kthere are no arguments to â€˜[01m[KgetPluginBaseToFactoryMapMapMutex[m[Kâ€™ that depend on a template parameter, so a declaration of â€˜[01m[KgetPluginBaseToFactoryMapMapMutex[m[Kâ€™ must be available [[01;31m[K]8;;https://gcc.gnu.org/onlinedocs/gcc/Warning-Options.html#index-fpermissive-fpermissive]8;;[m[K]
[1.895s]   250 |   [01;31m[KgetPluginBaseToFactoryMapMapMutex[m[K().lock();
[1.895s]       |   [01;31m[K^~~~~~~~~~~~~~~~~~~~~~~~~~~~~~~~~[m[K
[1.896s] [01m[K/opt/ros/humble/include/class_loader/class_loader/class_loader_core.hpp:251:3:[m[K [01;31m[Kerror: [m[Kâ€˜[01m[KFactoryMap[m[Kâ€™ was not declared in this scope
[1.896s]   251 |   [01;31m[KFactoryMap[m[K & factoryMap = getFactoryMapForBaseClass<Base>();
[1.896s]       |   [01;31m[K^~~~~~~~~~[m[K
[1.899s] [01m[K/opt/ros/humble/include/class_loader/class_loader/class_loader_core.hpp:251:16:[m[K [01;31m[Kerror: [m[Kâ€˜[01m[KfactoryMap[m[Kâ€™ was not declared in this scope
[1.899s]   251 |   FactoryMap & [01;31m[KfactoryMap[m[K = getFactoryMapForBaseClass<Base>();
[1.899s]       |                [01;31m[K^~~~~~~~~~[m[K
[1.905s] [01m[K/opt/ros/humble/include/class_loader/class_loader/class_loader_core.hpp:251:29:[m[K [01;31m[Kerror: [m[Kâ€˜[01m[KgetFactoryMapForBaseClass[m[Kâ€™ was not declared in this scope
[1.905s]   251 |   FactoryMap & factoryMap = [01;31m[KgetFactoryMapForBaseClass[m[K<Base>();
[1.905s]       |                             [01;31m[K^~~~~~~~~~~~~~~~~~~~~~~~~[m[K
[1.905s] [01m[K/opt/ros/humble/include/class_loader/class_loader/class_loader_core.hpp:251:59:[m[K [01;31m[Kerror: [m[Kexpected primary-expression before â€˜[01m[K>[m[Kâ€™ token
[1.905s]   251 |   FactoryMap & factoryMap = getFactoryMapForBaseClass<Base[01;31m[K>[m[K();
[1.905s]       |                                                           [01;31m[K^[m[K
[1.905s] [01m[K/opt/ros/humble/include/class_loader/class_loader/class_loader_core.hpp:251:61:[m[K [01;31m[Kerror: [m[Kexpected primary-expression before â€˜[01m[K)[m[Kâ€™ token
[1.905s]   251 |   FactoryMap & factoryMap = getFactoryMapForBaseClass<Base>([01;31m[K)[m[K;
[1.905s]       |                                                             [01;31m[K^[m[K
[1.905s] In file included from [01m[K/opt/ros/humble/include/class_loader/class_loader/class_loader.hpp:50[m[K,
[1.905s]                  from [01m[K/opt/ros/humble/include/pluginlib/pluginlib/class_list_macros.hpp:40[m[K,
[1.906s]                  from [01m[K/home/sudhansu/Desktop/ros2_intermediate_cource/my_ws/src/my_robot_hardware/src/my_robot_hardware.cpp:81[m[K:
[1.906s] [01m[K/opt/ros/humble/include/class_loader/class_loader/class_loader_core.hpp:253:5:[m[K [01;31m[Kerror: [m[Krequest for member â€˜[01m[Kc_str[m[Kâ€™ in â€˜[01m[Kclass_name[m[Kâ€™, which is of non-class type â€˜[01m[Kconst int[m[Kâ€™
[1.906s]   253 |     [01;31m[KCONSOLE_BRIDGE_logWarn[m[K(
[1.906s]       |     [01;31m[K^~~~~~~~~~~~~~~~~~~~~~[m[K
[1.906s] In file included from [01m[K/opt/ros/humble/include/class_loader/class_loader/class_loader.hpp:55[m[K,
[1.906s]                  from [01m[K/opt/ros/humble/include/pluginlib/pluginlib/class_list_macros.hpp:40[m[K,
[1.906s]                  from [01m[K/home/sudhansu/Desktop/ros2_intermediate_cource/my_ws/src/my_robot_hardware/src/my_robot_hardware.cpp:81[m[K:
[1.906s] [01m[K/opt/ros/humble/include/class_loader/class_loader/class_loader_core.hpp:264:3:[m[K [01;31m[Kerror: [m[Kthere are no arguments to â€˜[01m[KgetPluginBaseToFactoryMapMapMutex[m[Kâ€™ that depend on a template parameter, so a declaration of â€˜[01m[KgetPluginBaseToFactoryMapMapMutex[m[Kâ€™ must be available [[01;31m[K]8;;https://gcc.gnu.org/onlinedocs/gcc/Warning-Options.html#index-fpermissive-fpermissive]8;;[m[K]
[1.906s]   264 |   [01;31m[KgetPluginBaseToFactoryMapMapMutex[m[K().unlock();
[1.906s]       |   [01;31m[K^~~~~~~~~~~~~~~~~~~~~~~~~~~~~~~~~[m[K
[1.906s] In file included from [01m[K/opt/ros/humble/include/class_loader/class_loader/class_loader.hpp:50[m[K,
[1.906s]                  from [01m[K/opt/ros/humble/include/pluginlib/pluginlib/class_list_macros.hpp:40[m[K,
[1.906s]                  from [01m[K/home/sudhansu/Desktop/ros2_intermediate_cource/my_ws/src/my_robot_hardware/src/my_robot_hardware.cpp:81[m[K:
[1.906s] [01m[K/opt/ros/humble/include/class_loader/class_loader/class_loader_core.hpp:266:3:[m[K [01;31m[Kerror: [m[Krequest for member â€˜[01m[Kc_str[m[Kâ€™ in â€˜[01m[Kclass_name[m[Kâ€™, which is of non-class type â€˜[01m[Kconst int[m[Kâ€™
[1.906s]   266 |   [01;31m[KCONSOLE_BRIDGE_logDebug[m[K(
[1.906s]       |   [01;31m[K^~~~~~~~~~~~~~~~~~~~~~~[m[K
[1.907s] In file included from [01m[K/opt/ros/humble/include/class_loader/class_loader/class_loader.hpp:55[m[K,
[1.907s]                  from [01m[K/opt/ros/humble/include/pluginlib/pluginlib/class_list_macros.hpp:40[m[K,
[1.907s]                  from [01m[K/home/sudhansu/Desktop/ros2_intermediate_cource/my_ws/src/my_robot_hardware/src/my_robot_hardware.cpp:81[m[K:
[1.907s] [01m[K/opt/ros/humble/include/class_loader/class_loader/class_loader_core.hpp:[m[K At global scope:
[1.907s] [01m[K/opt/ros/humble/include/class_loader/class_loader/class_loader_core.hpp:281:34:[m[K [01;31m[Kerror: [m[Kâ€˜[01m[Kstring[m[Kâ€™ in namespace â€˜[01m[Kmy_robot_hardware::std[m[Kâ€™ does not name a type
[1.907s]   281 | Base * createInstance(const std::[01;31m[Kstring[m[K & derived_class_name, ClassLoader * loader)
[1.907s]       |                                  [01;31m[K^~~~~~[m[K
[1.907s] [01m[K/opt/ros/humble/include/class_loader/class_loader/class_loader_core.hpp:[m[K In function â€˜[01m[KBase* my_robot_hardware::class_loader::impl::createInstance(const int&, my_robot_hardware::class_loader::ClassLoader*)[m[Kâ€™:
[1.907s] [01m[K/opt/ros/humble/include/class_loader/class_loader/class_loader_core.hpp:285:3:[m[K [01;31m[Kerror: [m[Kthere are no arguments to â€˜[01m[KgetPluginBaseToFactoryMapMapMutex[m[Kâ€™ that depend on a template parameter, so a declaration of â€˜[01m[KgetPluginBaseToFactoryMapMapMutex[m[Kâ€™ must be available [[01;31m[K]8;;https://gcc.gnu.org/onlinedocs/gcc/Warning-Options.html#index-fpermissive-fpermissive]8;;[m[K]
[1.907s]   285 |   [01;31m[KgetPluginBaseToFactoryMapMapMutex[m[K().lock();
[1.907s]       |   [01;31m[K^~~~~~~~~~~~~~~~~~~~~~~~~~~~~~~~~[m[K
[1.908s] [01m[K/opt/ros/humble/include/class_loader/class_loader/class_loader_core.hpp:286:3:[m[K [01;31m[Kerror: [m[Kâ€˜[01m[KFactoryMap[m[Kâ€™ was not declared in this scope; did you mean â€˜[01m[Kfactory[m[Kâ€™?
[1.908s]   286 |   [01;31m[KFactoryMap[m[K & factoryMap = getFactoryMapForBaseClass<Base>();
[1.908s]       |   [01;31m[K^~~~~~~~~~[m[K
[1.908s]       |   [32m[Kfactory[m[K
[1.911s] [01m[K/opt/ros/humble/include/class_loader/class_loader/class_loader_core.hpp:286:16:[m[K [01;31m[Kerror: [m[Kâ€˜[01m[KfactoryMap[m[Kâ€™ was not declared in this scope; did you mean â€˜[01m[Kfactory[m[Kâ€™?
[1.911s]   286 |   FactoryMap & [01;31m[KfactoryMap[m[K = getFactoryMapForBaseClass<Base>();
[1.911s]       |                [01;31m[K^~~~~~~~~~[m[K
[1.911s]       |                [32m[Kfactory[m[K
[1.916s] [01m[K/opt/ros/humble/include/class_loader/class_loader/class_loader_core.hpp:286:29:[m[K [01;31m[Kerror: [m[Kâ€˜[01m[KgetFactoryMapForBaseClass[m[Kâ€™ was not declared in this scope
[1.916s]   286 |   FactoryMap & factoryMap = [01;31m[KgetFactoryMapForBaseClass[m[K<Base>();
[1.917s]       |                             [01;31m[K^~~~~~~~~~~~~~~~~~~~~~~~~[m[K
[1.917s] [01m[K/opt/ros/humble/include/class_loader/class_loader/class_loader_core.hpp:286:59:[m[K [01;31m[Kerror: [m[Kexpected primary-expression before â€˜[01m[K>[m[Kâ€™ token
[1.917s]   286 |   FactoryMap & factoryMap = getFactoryMapForBaseClass<Base[01;31m[K>[m[K();
[1.917s]       |                                                           [01;31m[K^[m[K
[1.917s] [01m[K/opt/ros/humble/include/class_loader/class_loader/class_loader_core.hpp:286:61:[m[K [01;31m[Kerror: [m[Kexpected primary-expression before â€˜[01m[K)[m[Kâ€™ token
[1.917s]   286 |   FactoryMap & factoryMap = getFactoryMapForBaseClass<Base>([01;31m[K)[m[K;
[1.917s]       |                                                             [01;31m[K^[m[K
[1.917s] In file included from [01m[K/opt/ros/humble/include/class_loader/class_loader/class_loader.hpp:50[m[K,
[1.917s]                  from [01m[K/opt/ros/humble/include/pluginlib/pluginlib/class_list_macros.hpp:40[m[K,
[1.917s]                  from [01m[K/home/sudhansu/Desktop/ros2_intermediate_cource/my_ws/src/my_robot_hardware/src/my_robot_hardware.cpp:81[m[K:
[1.917s] [01m[K/opt/ros/humble/include/class_loader/class_loader/class_loader_core.hpp:290:5:[m[K [01;31m[Kerror: [m[Krequest for member â€˜[01m[Kc_str[m[Kâ€™ in â€˜[01m[Kderived_class_name[m[Kâ€™, which is of non-class type â€˜[01m[Kconst int[m[Kâ€™
[1.917s]   290 |     [01;31m[KCONSOLE_BRIDGE_logError[m[K(
[1.917s]       |     [01;31m[K^~~~~~~~~~~~~~~~~~~~~~~[m[K
[1.918s] In file included from [01m[K/opt/ros/humble/include/class_loader/class_loader/class_loader.hpp:55[m[K,
[1.918s]                  from [01m[K/opt/ros/humble/include/pluginlib/pluginlib/class_list_macros.hpp:40[m[K,
[1.918s]                  from [01m[K/home/sudhansu/Desktop/ros2_intermediate_cource/my_ws/src/my_robot_hardware/src/my_robot_hardware.cpp:81[m[K:
[1.918s] [01m[K/opt/ros/humble/include/class_loader/class_loader/class_loader_core.hpp:293:3:[m[K [01;31m[Kerror: [m[Kthere are no arguments to â€˜[01m[KgetPluginBaseToFactoryMapMapMutex[m[Kâ€™ that depend on a template parameter, so a declaration of â€˜[01m[KgetPluginBaseToFactoryMapMapMutex[m[Kâ€™ must be available [[01;31m[K]8;;https://gcc.gnu.org/onlinedocs/gcc/Warning-Options.html#index-fpermissive-fpermissive]8;;[m[K]
[1.918s]   293 |   [01;31m[KgetPluginBaseToFactoryMapMapMutex[m[K().unlock();
[1.918s]       |   [01;31m[K^~~~~~~~~~~~~~~~~~~~~~~~~~~~~~~~~[m[K
[1.918s] [01m[K/opt/ros/humble/include/class_loader/class_loader/class_loader_core.hpp:[m[K At global scope:
[1.918s] [01m[K/opt/ros/humble/include/class_loader/class_loader/class_loader_core.hpp:336:6:[m[K [01;31m[Kerror: [m[Kâ€˜[01m[Kvector[m[Kâ€™ in namespace â€˜[01m[Kmy_robot_hardware::std[m[Kâ€™ does not name a template type
[1.918s]   336 | std::[01;31m[Kvector[m[K<std::string> getAvailableClasses(const ClassLoader * loader)
[1.918s]       |      [01;31m[K^~~~~~[m[K
[1.918s] [01m[K/opt/ros/humble/include/class_loader/class_loader/class_loader_core.hpp:367:6:[m[K [01;31m[Kerror: [m[Kâ€˜[01m[Kvector[m[Kâ€™ in namespace â€˜[01m[Kmy_robot_hardware::std[m[Kâ€™ does not name a template type
[1.918s]   367 | std::[01;31m[Kvector[m[K<std::string> getAllLibrariesUsedByClassLoader(const ClassLoader * loader);
[1.918s]       |      [01;31m[K^~~~~~[m[K
[1.918s] [01m[K/opt/ros/humble/include/class_loader/class_loader/class_loader_core.hpp:378:33:[m[K [01;31m[Kerror: [m[Kâ€˜[01m[Kstring[m[Kâ€™ in namespace â€˜[01m[Kmy_robot_hardware::std[m[Kâ€™ does not name a type
[1.919s]   378 | bool isLibraryLoaded(const std::[01;31m[Kstring[m[K & library_path, const ClassLoader * loader);
[1.919s]       |                                 [01;31m[K^~~~~~[m[K
[1.919s] [01m[K/opt/ros/humble/include/class_loader/class_loader/class_loader_core.hpp:387:42:[m[K [01;31m[Kerror: [m[Kâ€˜[01m[Kstring[m[Kâ€™ in namespace â€˜[01m[Kmy_robot_hardware::std[m[Kâ€™ does not name a type
[1.919s]   387 | bool isLibraryLoadedByAnybody(const std::[01;31m[Kstring[m[K & library_path);
[1.919s]       |                                          [01;31m[K^~~~~~[m[K
[1.919s] [01m[K/opt/ros/humble/include/class_loader/class_loader/class_loader_core.hpp:397:29:[m[K [01;31m[Kerror: [m[Kâ€˜[01m[Kstring[m[Kâ€™ in namespace â€˜[01m[Kmy_robot_hardware::std[m[Kâ€™ does not name a type
[1.919s]   397 | void loadLibrary(const std::[01;31m[Kstring[m[K & library_path, ClassLoader * loader);
[1.919s]       |                             [01;31m[K^~~~~~[m[K
[1.919s] [01m[K/opt/ros/humble/include/class_loader/class_loader/class_loader_core.hpp:407:31:[m[K [01;31m[Kerror: [m[Kâ€˜[01m[Kstring[m[Kâ€™ in namespace â€˜[01m[Kmy_robot_hardware::std[m[Kâ€™ does not name a type
[1.919s]   407 | void unloadLibrary(const std::[01;31m[Kstring[m[K & library_path, ClassLoader * loader);
[1.919s]       |                               [01;31m[K^~~~~~[m[K
[1.919s] In file included from [01m[K/opt/ros/humble/include/pluginlib/pluginlib/class_list_macros.hpp:40[m[K,
[1.919s]                  from [01m[K/home/sudhansu/Desktop/ros2_intermediate_cource/my_ws/src/my_robot_hardware/src/my_robot_hardware.cpp:81[m[K:
[1.920s] [01m[K/opt/ros/humble/include/class_loader/class_loader/class_loader.hpp:71:6:[m[K [01;31m[Kerror: [m[Kâ€˜[01m[Kstring[m[Kâ€™ in namespace â€˜[01m[Kmy_robot_hardware::std[m[Kâ€™ does not name a type
[1.920s]    71 | std::[01;31m[Kstring[m[K systemLibraryFormat(const std::string & library_name);
[1.920s]       |      [01;31m[K^~~~~~[m[K
[1.920s] [01m[K/opt/ros/humble/include/class_loader/class_loader/class_loader.hpp:83:28:[m[K [01;31m[Kerror: [m[Kâ€˜[01m[Kfunction[m[Kâ€™ in namespace â€˜[01m[Kmy_robot_hardware::std[m[Kâ€™ does not name a template type
[1.920s]    83 |   using DeleterType = std::[01;31m[Kfunction[m[K<void (Base *)>;
[1.920s]       |                            [01;31m[K^~~~~~~~[m[K
[1.920s] [01m[K/opt/ros/humble/include/class_loader/class_loader/class_loader.hpp:86:26:[m[K [01;31m[Kerror: [m[Kâ€˜[01m[Kunique_ptr[m[Kâ€™ in namespace â€˜[01m[Kmy_robot_hardware::std[m[Kâ€™ does not name a template type
[1.920s]    86 |   using UniquePtr = std::[01;31m[Kunique_ptr[m[K<Base, DeleterType<Base>>;
[1.920s]       |                          [01;31m[K^~~~~~~~~~[m[K
[1.920s] [01m[K/opt/ros/humble/include/class_loader/class_loader/class_loader.hpp:96:35:[m[K [01;31m[Kerror: [m[Kâ€˜[01m[Kstring[m[Kâ€™ in namespace â€˜[01m[Kmy_robot_hardware::std[m[Kâ€™ does not name a type
[1.920s]    96 |   explicit ClassLoader(const std::[01;31m[Kstring[m[K & library_path, bool ondemand_load_unload = false);
[1.920s]       |                                   [01;31m[K^~~~~~[m[K
[1.920s] [01m[K/opt/ros/humble/include/class_loader/class_loader/class_loader.hpp:110:8:[m[K [01;31m[Kerror: [m[Kâ€˜[01m[Kvector[m[Kâ€™ in namespace â€˜[01m[Kmy_robot_hardware::std[m[Kâ€™ does not name a template type
[1.921s]   110 |   std::[01;31m[Kvector[m[K<std::string> getAvailableClasses() const
[1.921s]       |        [01;31m[K^~~~~~[m[K
[1.921s] [01m[K/opt/ros/humble/include/class_loader/class_loader/class_loader.hpp:125:8:[m[K [01;31m[Kerror: [m[Kâ€˜[01m[Kshared_ptr[m[Kâ€™ in namespace â€˜[01m[Kmy_robot_hardware::std[m[Kâ€™ does not name a template type
[1.921s]   125 |   std::[01;31m[Kshared_ptr[m[K<Base> createInstance(const std::string & derived_class_name)
[1.921s]       |        [01;31m[K^~~~~~~~~~[m[K
[1.921s] [01m[K/opt/ros/humble/include/class_loader/class_loader/class_loader.hpp:147:3:[m[K [01;31m[Kerror: [m[Kâ€˜[01m[KUniquePtr[m[Kâ€™ does not name a type
[1.921s]   147 |   [01;31m[KUniquePtr[m[K<Base> createUniqueInstance(const std::string & derived_class_name)
[1.921s]       |   [01;31m[K^~~~~~~~~[m[K
[1.921s] [01m[K/opt/ros/humble/include/class_loader/class_loader/class_loader.hpp:170:45:[m[K [01;31m[Kerror: [m[Kâ€˜[01m[Kstring[m[Kâ€™ in namespace â€˜[01m[Kmy_robot_hardware::std[m[Kâ€™ does not name a type
[1.921s]   170 |   Base * createUnmanagedInstance(const std::[01;31m[Kstring[m[K & derived_class_name)
[1.921s]       |                                             [01;31m[K^~~~~~[m[K
[1.921s] [01m[K/opt/ros/humble/include/class_loader/class_loader/class_loader.hpp:183:36:[m[K [01;31m[Kerror: [m[Kâ€˜[01m[Kstring[m[Kâ€™ in namespace â€˜[01m[Kmy_robot_hardware::std[m[Kâ€™ does not name a type
[1.921s]   183 |   bool isClassAvailable(const std::[01;31m[Kstring[m[K & class_name) const
[1.921s]       |                                    [01;31m[K^~~~~~[m[K
[1.922s] [01m[K/opt/ros/humble/include/class_loader/class_loader/class_loader.hpp:196:14:[m[K [01;31m[Kerror: [m[Kâ€˜[01m[Kstring[m[Kâ€™ in namespace â€˜[01m[Kmy_robot_hardware::std[m[Kâ€™ does not name a type
[1.922s]   196 |   const std::[01;31m[Kstring[m[K & getLibraryPath() const;
[1.922s]       |              [01;31m[K^~~~~~[m[K
[1.922s] [01m[K/opt/ros/humble/include/class_loader/class_loader/class_loader.hpp:303:39:[m[K [01;31m[Kerror: [m[Kâ€˜[01m[Kstring[m[Kâ€™ in namespace â€˜[01m[Kmy_robot_hardware::std[m[Kâ€™ does not name a type
[1.922s]   303 |   Base * createRawInstance(const std::[01;31m[Kstring[m[K & derived_class_name, bool managed)
[1.922s]       |                                       [01;31m[K^~~~~~[m[K
[1.922s] [01m[K/opt/ros/humble/include/class_loader/class_loader/class_loader.hpp:362:8:[m[K [01;31m[Kerror: [m[Kâ€˜[01m[Kstring[m[Kâ€™ in namespace â€˜[01m[Kmy_robot_hardware::std[m[Kâ€™ does not name a type
[1.922s]   362 |   std::[01;31m[Kstring[m[K library_path_;
[1.922s]       |        [01;31m[K^~~~~~[m[K
[1.922s] [01m[K/opt/ros/humble/include/class_loader/class_loader/class_loader.hpp:364:8:[m[K [01;31m[Kerror: [m[Kâ€˜[01m[Krecursive_mutex[m[Kâ€™ in namespace â€˜[01m[Kmy_robot_hardware::std[m[Kâ€™ does not name a type
[1.922s]   364 |   std::[01;31m[Krecursive_mutex[m[K load_ref_count_mutex_;
[1.922s]       |        [01;31m[K^~~~~~~~~~~~~~~[m[K
[1.922s] [01m[K/opt/ros/humble/include/class_loader/class_loader/class_loader.hpp:366:8:[m[K [01;31m[Kerror: [m[Kâ€˜[01m[Krecursive_mutex[m[Kâ€™ in namespace â€˜[01m[Kmy_robot_hardware::std[m[Kâ€™ does not name a type
[1.922s]   366 |   std::[01;31m[Krecursive_mutex[m[K plugin_ref_count_mutex_;
[1.922s]       |        [01;31m[K^~~~~~~~~~~~~~~[m[K
[1.923s] [01m[K/opt/ros/humble/include/class_loader/class_loader/class_loader.hpp:[m[K In member function â€˜[01m[Kbool my_robot_hardware::class_loader::ClassLoader::isClassAvailable(const int&) const[m[Kâ€™:
[1.923s] [01m[K/opt/ros/humble/include/class_loader/class_loader/class_loader.hpp:185:10:[m[K [01;31m[Kerror: [m[Kâ€˜[01m[Kvector[m[Kâ€™ is not a member of â€˜[01m[Kmy_robot_hardware::std[m[Kâ€™
[1.923s]   185 |     std::[01;31m[Kvector[m[K<std::string> available_classes = getAvailableClasses<Base>();
[1.923s]       |          [01;31m[K^~~~~~[m[K
[1.923s] [01m[K/opt/ros/humble/include/class_loader/class_loader/class_loader.hpp:185:10:[m[K [01;36m[Knote: [m[Ksuggested alternatives:
[1.923s] In file included from [01m[K/usr/include/c++/11/vector:67[m[K,
[1.923s]                  from [01m[K/opt/ros/humble/include/hardware_interface/system_interface.hpp:20[m[K,
[1.923s]                  from [01m[K/home/sudhansu/Desktop/ros2_intermediate_cource/my_ws/src/my_robot_hardware/include/my_robot_hardware/my_robot_hardware.hpp:4[m[K,
[1.923s]                  from [01m[K/home/sudhansu/Desktop/ros2_intermediate_cource/my_ws/src/my_robot_hardware/src/my_robot_hardware.cpp:1[m[K:
[1.923s] [01m[K/usr/include/c++/11/bits/stl_vector.h:389:11:[m[K [01;36m[Knote: [m[K  â€˜[01m[Kstd::vector[m[Kâ€™
[1.923s]   389 |     class [01;36m[Kvector[m[K : protected _Vector_base<_Tp, _Alloc>
[1.923s]       |           [01;36m[K^~~~~~[m[K
[1.923s] In file included from [01m[K/opt/ros/humble/include/hardware_interface/system_interface.hpp:20[m[K,
[1.923s]                  from [01m[K/home/sudhansu/Desktop/ros2_intermediate_cource/my_ws/src/my_robot_hardware/include/my_robot_hardware/my_robot_hardware.hpp:4[m[K,
[1.923s]                  from [01m[K/home/sudhansu/Desktop/ros2_intermediate_cource/my_ws/src/my_robot_hardware/src/my_robot_hardware.cpp:1[m[K:
[1.924s] [01m[K/usr/include/c++/11/vector:86:13:[m[K [01;36m[Knote: [m[K  â€˜[01m[Kstd::pmr::vector[m[Kâ€™
[1.924s]    86 |       using [01;36m[Kvector[m[K = std::vector<_Tp, polymorphic_allocator<_Tp>>;
[1.924s]       |             [01;36m[K^~~~~~[m[K
[1.924s] In file included from [01m[K/opt/ros/humble/include/pluginlib/pluginlib/class_list_macros.hpp:40[m[K,
[1.924s]                  from [01m[K/home/sudhansu/Desktop/ros2_intermediate_cource/my_ws/src/my_robot_hardware/src/my_robot_hardware.cpp:81[m[K:
[1.924s] [01m[K/opt/ros/humble/include/class_loader/class_loader/class_loader.hpp:185:22:[m[K [01;31m[Kerror: [m[Kâ€˜[01m[Kstring[m[Kâ€™ is not a member of â€˜[01m[Kmy_robot_hardware::std[m[Kâ€™
[1.924s]   185 |     std::vector<std::[01;31m[Kstring[m[K> available_classes = getAvailableClasses<Base>();
[1.924s]       |                      [01;31m[K^~~~~~[m[K
[1.924s] [01m[K/opt/ros/humble/include/class_loader/class_loader/class_loader.hpp:185:22:[m[K [01;36m[Knote: [m[Ksuggested alternatives:
[1.924s] In file included from [01m[K/usr/include/c++/11/iosfwd:39[m[K,
[1.924s]                  from [01m[K/usr/include/c++/11/bits/shared_ptr.h:52[m[K,
[1.924s]                  from [01m[K/usr/include/c++/11/memory:77[m[K,
[1.924s]                  from [01m[K/opt/ros/humble/include/hardware_interface/system_interface.hpp:18[m[K,
[1.924s]                  from [01m[K/home/sudhansu/Desktop/ros2_intermediate_cource/my_ws/src/my_robot_hardware/include/my_robot_hardware/my_robot_hardware.hpp:4[m[K,
[1.924s]                  from [01m[K/home/sudhansu/Desktop/ros2_intermediate_cource/my_ws/src/my_robot_hardware/src/my_robot_hardware.cpp:1[m[K:
[1.924s] [01m[K/usr/include/c++/11/bits/stringfwd.h:79:33:[m[K [01;36m[Knote: [m[K  â€˜[01m[Kstd::string[m[Kâ€™
[1.925s]    79 |   typedef basic_string<char>    [01;36m[Kstring[m[K;
[1.925s]       |                                 [01;36m[K^~~~~~[m[K
[1.925s] In file included from [01m[K/opt/ros/humble/include/hardware_interface/system_interface.hpp:19[m[K,
[1.925s]                  from [01m[K/home/sudhansu/Desktop/ros2_intermediate_cource/my_ws/src/my_robot_hardware/include/my_robot_hardware/my_robot_hardware.hpp:4[m[K,
[1.925s]                  from [01m[K/home/sudhansu/Desktop/ros2_intermediate_cource/my_ws/src/my_robot_hardware/src/my_robot_hardware.cpp:1[m[K:
[1.925s] [01m[K/usr/include/c++/11/string:67:11:[m[K [01;36m[Knote: [m[K  â€˜[01m[Kstd::pmr::string[m[Kâ€™
[1.925s]    67 |     using [01;36m[Kstring[m[K    = basic_string<char>;
[1.925s]       |           [01;36m[K^~~~~~[m[K
[1.929s] In file included from [01m[K/opt/ros/humble/include/pluginlib/pluginlib/class_list_macros.hpp:40[m[K,
[1.929s]                  from [01m[K/home/sudhansu/Desktop/ros2_intermediate_cource/my_ws/src/my_robot_hardware/src/my_robot_hardware.cpp:81[m[K:
[1.929s] [01m[K/opt/ros/humble/include/class_loader/class_loader/class_loader.hpp:185:30:[m[K [01;31m[Kerror: [m[Kâ€˜[01m[Kavailable_classes[m[Kâ€™ was not declared in this scope
[1.929s]   185 |     std::vector<std::string> [01;31m[Kavailable_classes[m[K = getAvailableClasses<Base>();
[1.929s]       |                              [01;31m[K^~~~~~~~~~~~~~~~~[m[K
[1.936s] [01m[K/opt/ros/humble/include/class_loader/class_loader/class_loader.hpp:185:50:[m[K [01;31m[Kerror: [m[Kâ€˜[01m[KgetAvailableClasses[m[Kâ€™ was not declared in this scope
[1.937s]   185 |     std::vector<std::string> available_classes = [01;31m[KgetAvailableClasses[m[K<Base>();
[1.937s]       |                                                  [01;31m[K^~~~~~~~~~~~~~~~~~~[m[K
[1.937s] [01m[K/opt/ros/humble/include/class_loader/class_loader/class_loader.hpp:185:74:[m[K [01;31m[Kerror: [m[Kexpected primary-expression before â€˜[01m[K>[m[Kâ€™ token
[1.937s]   185 | d::vector<std::string> available_classes = getAvailableClasses<Base[01;31m[K>[m[K();
[1.937s]       |                                                                    [01;31m[K^[m[K
[1.937s] 
[1.937s] [01m[K/opt/ros/humble/include/class_loader/class_loader/class_loader.hpp:185:76:[m[K [01;31m[Kerror: [m[Kexpected primary-expression before â€˜[01m[K)[m[Kâ€™ token
[1.937s]   185 | d::vector<std::string> available_classes = getAvailableClasses<Base>([01;31m[K)[m[K;
[1.937s]       |                                                                      [01;31m[K^[m[K
[1.937s] 
[1.937s] [01m[K/opt/ros/humble/include/class_loader/class_loader/class_loader.hpp:186:17:[m[K [01;31m[Kerror: [m[Kâ€˜[01m[Kfind[m[Kâ€™ is not a member of â€˜[01m[Kmy_robot_hardware::std[m[Kâ€™; did you mean â€˜[01m[Kstd::find[m[Kâ€™?
[1.937s]   186 |     return std::[01;31m[Kfind[m[K(
[1.937s]       |                 [01;31m[K^~~~[m[K
[1.937s] In file included from [01m[K/usr/include/c++/11/bits/locale_facets.h:48[m[K,
[1.938s]                  from [01m[K/usr/include/c++/11/bits/basic_ios.h:37[m[K,
[1.938s]                  from [01m[K/usr/include/c++/11/ios:44[m[K,
[1.938s]                  from [01m[K/usr/include/c++/11/istream:38[m[K,
[1.938s]                  from [01m[K/usr/include/c++/11/sstream:38[m[K,
[1.938s]                  from [01m[K/opt/ros/humble/include/lifecycle_msgs/lifecycle_msgs/msg/detail/state__traits.hpp:10[m[K,
[1.938s]                  from [01m[K/opt/ros/humble/include/lifecycle_msgs/lifecycle_msgs/msg/state.hpp:9[m[K,
[1.938s]                  from [01m[K/opt/ros/humble/include/hardware_interface/system_interface.hpp:26[m[K,
[1.938s]                  from [01m[K/home/sudhansu/Desktop/ros2_intermediate_cource/my_ws/src/my_robot_hardware/include/my_robot_hardware/my_robot_hardware.hpp:4[m[K,
[1.938s]                  from [01m[K/home/sudhansu/Desktop/ros2_intermediate_cource/my_ws/src/my_robot_hardware/src/my_robot_hardware.cpp:1[m[K:
[1.938s] [01m[K/usr/include/c++/11/bits/streambuf_iterator.h:421:5:[m[K [01;36m[Knote: [m[Kâ€˜[01m[Kstd::find[m[Kâ€™ declared here
[1.938s]   421 |     [01;36m[Kfind[m[K(istreambuf_iterator<_CharT> __first,
[1.938s]       |     [01;36m[K^~~~[m[K
[1.939s] In file included from [01m[K/opt/ros/humble/include/pluginlib/pluginlib/class_list_macros.hpp:40[m[K,
[1.939s]                  from [01m[K/home/sudhansu/Desktop/ros2_intermediate_cource/my_ws/src/my_robot_hardware/src/my_robot_hardware.cpp:81[m[K:
[1.939s] [01m[K/opt/ros/humble/include/class_loader/class_loader/class_loader.hpp:[m[K In member function â€˜[01m[Kvoid my_robot_hardware::class_loader::ClassLoader::onPluginDeletion(Base*)[m[Kâ€™:
[1.939s] [01m[K/opt/ros/humble/include/class_loader/class_loader/class_loader.hpp:270:10:[m[K [01;31m[Kerror: [m[Kâ€˜[01m[Klock_guard[m[Kâ€™ is not a member of â€˜[01m[Kmy_robot_hardware::std[m[Kâ€™; did you mean â€˜[01m[Kstd::lock_guard[m[Kâ€™?
[1.939s]   270 |     std::[01;31m[Klock_guard[m[K<std::recursive_mutex> lock(plugin_ref_count_mutex_);
[1.939s]       |          [01;31m[K^~~~~~~~~~[m[K
[1.939s] In file included from [01m[K/usr/include/c++/11/mutex:43[m[K,
[1.939s]                  from [01m[K/usr/include/c++/11/future:38[m[K,
[1.939s]                  from [01m[K/opt/ros/humble/include/rclcpp/rclcpp/executors.hpp:18[m[K,
[1.939s]                  from [01m[K/opt/ros/humble/include/rclcpp/rclcpp/rclcpp.hpp:155[m[K,
[1.939s]                  from [01m[K/home/sudhansu/Desktop/ros2_intermediate_cource/my_ws/src/my_robot_hardware/include/my_robot_hardware/my_robot_hardware.hpp:5[m[K,
[1.939s]                  from [01m[K/home/sudhansu/Desktop/ros2_intermediate_cource/my_ws/src/my_robot_hardware/src/my_robot_hardware.cpp:1[m[K:
[1.939s] [01m[K/usr/include/c++/11/bits/std_mutex.h:223:11:[m[K [01;36m[Knote: [m[Kâ€˜[01m[Kstd::lock_guard[m[Kâ€™ declared here
[1.939s]   223 |     class [01;36m[Klock_guard[m[K
[1.939s]       |           [01;36m[K^~~~~~~~~~[m[K
[1.940s] In file included from [01m[K/opt/ros/humble/include/pluginlib/pluginlib/class_list_macros.hpp:40[m[K,
[1.940s]                  from [01m[K/home/sudhansu/Desktop/ros2_intermediate_cource/my_ws/src/my_robot_hardware/src/my_robot_hardware.cpp:81[m[K:
[1.940s] [01m[K/opt/ros/humble/include/class_loader/class_loader/class_loader.hpp:270:26:[m[K [01;31m[Kerror: [m[Kâ€˜[01m[Krecursive_mutex[m[Kâ€™ is not a member of â€˜[01m[Kmy_robot_hardware::std[m[Kâ€™; did you mean â€˜[01m[Kstd::recursive_mutex[m[Kâ€™?
[1.940s]   270 |     std::lock_guard<std::[01;31m[Krecursive_mutex[m[K> lock(plugin_ref_count_mutex_);
[1.940s]       |                          [01;31m[K^~~~~~~~~~~~~~~[m[K
[1.940s] In file included from [01m[K/usr/include/c++/11/future:38[m[K,
[1.940s]                  from [01m[K/opt/ros/humble/include/rclcpp/rclcpp/executors.hpp:18[m[K,
[1.940s]                  from [01m[K/opt/ros/humble/include/rclcpp/rclcpp/rclcpp.hpp:155[m[K,
[1.940s]                  from [01m[K/home/sudhansu/Desktop/ros2_intermediate_cource/my_ws/src/my_robot_hardware/include/my_robot_hardware/my_robot_hardware.hpp:5[m[K,
[1.940s]                  from [01m[K/home/sudhansu/Desktop/ros2_intermediate_cource/my_ws/src/my_robot_hardware/src/my_robot_hardware.cpp:1[m[K:
[1.940s] [01m[K/usr/include/c++/11/mutex:94:9:[m[K [01;36m[Knote: [m[Kâ€˜[01m[Kstd::recursive_mutex[m[Kâ€™ declared here
[1.940s]    94 |   class [01;36m[Krecursive_mutex[m[K : private __recursive_mutex_base
[1.940s]       |         [01;36m[K^~~~~~~~~~~~~~~[m[K
[1.945s] In file included from [01m[K/opt/ros/humble/include/pluginlib/pluginlib/class_list_macros.hpp:40[m[K,
[1.945s]                  from [01m[K/home/sudhansu/Desktop/ros2_intermediate_cource/my_ws/src/my_robot_hardware/src/my_robot_hardware.cpp:81[m[K:
[1.945s] [01m[K/opt/ros/humble/include/class_loader/class_loader/class_loader.hpp:270:48:[m[K [01;31m[Kerror: [m[Kâ€˜[01m[Kplugin_ref_count_mutex_[m[Kâ€™ was not declared in this scope; did you mean â€˜[01m[Kplugin_ref_count_[m[Kâ€™?
[1.945s]   270 |     std::lock_guard<std::recursive_mutex> lock([01;31m[Kplugin_ref_count_mutex_[m[K);
[1.945s]       |                                                [01;31m[K^~~~~~~~~~~~~~~~~~~~~~~[m[K
[1.945s]       |                                                [32m[Kplugin_ref_count_[m[K
[1.945s] [01m[K/opt/ros/humble/include/class_loader/class_loader/class_loader.hpp:270:43:[m[K [01;31m[Kerror: [m[Kthere are no arguments to â€˜[01m[Klock[m[Kâ€™ that depend on a template parameter, so a declaration of â€˜[01m[Klock[m[Kâ€™ must be available [[01;31m[K]8;;https://gcc.gnu.org/onlinedocs/gcc/Warning-Options.html#index-fpermissive-fpermissive]8;;[m[K]
[1.945s]   270 |     std::lock_guard<std::recursive_mutex> [01;31m[Klock[m[K(plugin_ref_count_mutex_);
[1.945s]       |                                           [01;31m[K^~~~[m[K
[1.945s] In file included from [01m[K/opt/ros/humble/include/class_loader/class_loader/class_loader.hpp:50[m[K,
[1.946s]                  from [01m[K/opt/ros/humble/include/pluginlib/pluginlib/class_list_macros.hpp:40[m[K,
[1.946s]                  from [01m[K/home/sudhansu/Desktop/ros2_intermediate_cource/my_ws/src/my_robot_hardware/src/my_robot_hardware.cpp:81[m[K:
[1.946s] [01m[K/opt/ros/humble/include/class_loader/class_loader/class_loader.hpp:278:9:[m[K [01;31m[Kerror: [m[Kthere are no arguments to â€˜[01m[KgetLibraryPath[m[Kâ€™ that depend on a template parameter, so a declaration of â€˜[01m[KgetLibraryPath[m[Kâ€™ must be available [[01;31m[K]8;;https://gcc.gnu.org/onlinedocs/gcc/Warning-Options.html#index-fpermissive-fpermissive]8;;[m[K]
[1.946s]   278 |         [01;31m[KCONSOLE_BRIDGE_logWarn[m[K(
[1.946s]       |         [01;31m[K^~~~~~~~~~~~~~~~~~~~~~[m[K
[1.946s] In file included from [01m[K/opt/ros/humble/include/pluginlib/pluginlib/class_list_macros.hpp:40[m[K,
[1.946s]                  from [01m[K/home/sudhansu/Desktop/ros2_intermediate_cource/my_ws/src/my_robot_hardware/src/my_robot_hardware.cpp:81[m[K:
[1.946s] [01m[K/opt/ros/humble/include/class_loader/class_loader/class_loader.hpp:[m[K In member function â€˜[01m[KBase* my_robot_hardware::class_loader::ClassLoader::createRawInstance(const int&, bool)[m[Kâ€™:
[1.946s] [01m[K/opt/ros/humble/include/class_loader/class_loader/class_loader.hpp:331:12:[m[K [01;31m[Kerror: [m[Kâ€˜[01m[Klock_guard[m[Kâ€™ is not a member of â€˜[01m[Kmy_robot_hardware::std[m[Kâ€™; did you mean â€˜[01m[Kstd::lock_guard[m[Kâ€™?
[1.946s]   331 |       std::[01;31m[Klock_guard[m[K<std::recursive_mutex> lock(plugin_ref_count_mutex_);
[1.946s]       |            [01;31m[K^~~~~~~~~~[m[K
[1.946s] In file included from [01m[K/usr/include/c++/11/mutex:43[m[K,
[1.946s]                  from [01m[K/usr/include/c++/11/future:38[m[K,
[1.946s]                  from [01m[K/opt/ros/humble/include/rclcpp/rclcpp/executors.hpp:18[m[K,
[1.947s]                  from [01m[K/opt/ros/humble/include/rclcpp/rclcpp/rclcpp.hpp:155[m[K,
[1.947s]                  from [01m[K/home/sudhansu/Desktop/ros2_intermediate_cource/my_ws/src/my_robot_hardware/include/my_robot_hardware/my_robot_hardware.hpp:5[m[K,
[1.947s]                  from [01m[K/home/sudhansu/Desktop/ros2_intermediate_cource/my_ws/src/my_robot_hardware/src/my_robot_hardware.cpp:1[m[K:
[1.947s] [01m[K/usr/include/c++/11/bits/std_mutex.h:223:11:[m[K [01;36m[Knote: [m[Kâ€˜[01m[Kstd::lock_guard[m[Kâ€™ declared here
[1.947s]   223 |     class [01;36m[Klock_guard[m[K
[1.947s]       |           [01;36m[K^~~~~~~~~~[m[K
[1.947s] In file included from [01m[K/opt/ros/humble/include/pluginlib/pluginlib/class_list_macros.hpp:40[m[K,
[1.947s]                  from [01m[K/home/sudhansu/Desktop/ros2_intermediate_cource/my_ws/src/my_robot_hardware/src/my_robot_hardware.cpp:81[m[K:
[1.947s] [01m[K/opt/ros/humble/include/class_loader/class_loader/class_loader.hpp:331:28:[m[K [01;31m[Kerror: [m[Kâ€˜[01m[Krecursive_mutex[m[Kâ€™ is not a member of â€˜[01m[Kmy_robot_hardware::std[m[Kâ€™; did you mean â€˜[01m[Kstd::recursive_mutex[m[Kâ€™?
[1.947s]   331 |       std::lock_guard<std::[01;31m[Krecursive_mutex[m[K> lock(plugin_ref_count_mutex_);
[1.947s]       |                            [01;31m[K^~~~~~~~~~~~~~~[m[K
[1.947s] In file included from [01m[K/usr/include/c++/11/future:38[m[K,
[1.947s]                  from [01m[K/opt/ros/humble/include/rclcpp/rclcpp/executors.hpp:18[m[K,
[1.947s]                  from [01m[K/opt/ros/humble/include/rclcpp/rclcpp/rclcpp.hpp:155[m[K,
[1.947s]                  from [01m[K/home/sudhansu/Desktop/ros2_intermediate_cource/my_ws/src/my_robot_hardware/include/my_robot_hardware/my_robot_hardware.hpp:5[m[K,
[1.947s]                  from [01m[K/home/sudhansu/Desktop/ros2_intermediate_cource/my_ws/src/my_robot_hardware/src/my_robot_hardware.cpp:1[m[K:
[1.948s] [01m[K/usr/include/c++/11/mutex:94:9:[m[K [01;36m[Knote: [m[Kâ€˜[01m[Kstd::recursive_mutex[m[Kâ€™ declared here
[1.948s]    94 |   class [01;36m[Krecursive_mutex[m[K : private __recursive_mutex_base
[1.948s]       |         [01;36m[K^~~~~~~~~~~~~~~[m[K
[1.952s] In file included from [01m[K/opt/ros/humble/include/pluginlib/pluginlib/class_list_macros.hpp:40[m[K,
[1.952s]                  from [01m[K/home/sudhansu/Desktop/ros2_intermediate_cource/my_ws/src/my_robot_hardware/src/my_robot_hardware.cpp:81[m[K:
[1.952s] [01m[K/opt/ros/humble/include/class_loader/class_loader/class_loader.hpp:331:50:[m[K [01;31m[Kerror: [m[Kâ€˜[01m[Kplugin_ref_count_mutex_[m[Kâ€™ was not declared in this scope; did you mean â€˜[01m[Kplugin_ref_count_[m[Kâ€™?
[1.953s]   331 |       std::lock_guard<std::recursive_mutex> lock([01;31m[Kplugin_ref_count_mutex_[m[K);
[1.953s]       |                                                  [01;31m[K^~~~~~~~~~~~~~~~~~~~~~~[m[K
[1.953s]       |                                                  [32m[Kplugin_ref_count_[m[K
[1.953s] [01m[K/opt/ros/humble/include/class_loader/class_loader/class_loader.hpp:331:45:[m[K [01;31m[Kerror: [m[Kthere are no arguments to â€˜[01m[Klock[m[Kâ€™ that depend on a template parameter, so a declaration of â€˜[01m[Klock[m[Kâ€™ must be available [[01;31m[K]8;;https://gcc.gnu.org/onlinedocs/gcc/Warning-Options.html#index-fpermissive-fpermissive]8;;[m[K]
[1.953s]   331 |       std::lock_guard<std::recursive_mutex> [01;31m[Klock[m[K(plugin_ref_count_mutex_);
[1.953s]       |                                             [01;31m[K^~~~[m[K
[1.953s] In file included from [01m[K/opt/ros/humble/include/class_loader/class_loader/class_loader.hpp:56[m[K,
[1.953s]                  from [01m[K/opt/ros/humble/include/pluginlib/pluginlib/class_list_macros.hpp:40[m[K,
[1.953s]                  from [01m[K/home/sudhansu/Desktop/ros2_intermediate_cource/my_ws/src/my_robot_hardware/src/my_robot_hardware.cpp:81[m[K:
[1.953s] [01m[K/home/sudhansu/Desktop/ros2_intermediate_cource/my_ws/src/my_robot_hardware/src/my_robot_hardware.cpp:[m[K In constructor â€˜[01m[Kmy_robot_hardware::{anonymous}::ProxyExec0::ProxyExec0()[m[Kâ€™:
[1.953s] [01m[K/home/sudhansu/Desktop/ros2_intermediate_cource/my_ws/src/my_robot_hardware/src/my_robot_hardware.cpp:82:1:[m[K [01;31m[Kerror: [m[Kâ€˜[01m[Kstring[m[Kâ€™ is not a member of â€˜[01m[Kmy_robot_hardware::std[m[Kâ€™
[1.953s]    82 | [01;31m[KPLUGINLIB_EXPORT_CLASS[m[K(my_robot_hardware::MyRobotHardware, hardware_interface::SystemInterface)
[1.954s]       | [01;31m[K^~~~~~~~~~~~~~~~~~~~~~[m[K
[1.954s] [01m[K/home/sudhansu/Desktop/ros2_intermediate_cource/my_ws/src/my_robot_hardware/src/my_robot_hardware.cpp:82:1:[m[K [01;36m[Knote: [m[Ksuggested alternatives:
[1.954s] In file included from [01m[K/usr/include/c++/11/iosfwd:39[m[K,
[1.954s]                  from [01m[K/usr/include/c++/11/bits/shared_ptr.h:52[m[K,
[1.954s]                  from [01m[K/usr/include/c++/11/memory:77[m[K,
[1.954s]                  from [01m[K/opt/ros/humble/include/hardware_interface/system_interface.hpp:18[m[K,
[1.954s]                  from [01m[K/home/sudhansu/Desktop/ros2_intermediate_cource/my_ws/src/my_robot_hardware/include/my_robot_hardware/my_robot_hardware.hpp:4[m[K,
[1.954s]                  from [01m[K/home/sudhansu/Desktop/ros2_intermediate_cource/my_ws/src/my_robot_hardware/src/my_robot_hardware.cpp:1[m[K:
[1.954s] [01m[K/usr/include/c++/11/bits/stringfwd.h:79:33:[m[K [01;36m[Knote: [m[K  â€˜[01m[Kstd::string[m[Kâ€™
[1.954s]    79 |   typedef basic_string<char>    [01;36m[Kstring[m[K;
[1.954s]       |                                 [01;36m[K^~~~~~[m[K
[1.954s] In file included from [01m[K/opt/ros/humble/include/hardware_interface/system_interface.hpp:19[m[K,
[1.954s]                  from [01m[K/home/sudhansu/Desktop/ros2_intermediate_cource/my_ws/src/my_robot_hardware/include/my_robot_hardware/my_robot_hardware.hpp:4[m[K,
[1.954s]                  from [01m[K/home/sudhansu/Desktop/ros2_intermediate_cource/my_ws/src/my_robot_hardware/src/my_robot_hardware.cpp:1[m[K:
[1.954s] [01m[K/usr/include/c++/11/string:67:11:[m[K [01;36m[Knote: [m[K  â€˜[01m[Kstd::pmr::string[m[Kâ€™
[1.954s]    67 |     using [01;36m[Kstring[m[K    = basic_string<char>;
[1.955s]       |           [01;36m[K^~~~~~[m[K
[1.955s] In file included from [01m[K/opt/ros/humble/include/class_loader/class_loader/class_loader.hpp:56[m[K,
[1.955s]                  from [01m[K/opt/ros/humble/include/pluginlib/pluginlib/class_list_macros.hpp:40[m[K,
[1.955s]                  from [01m[K/home/sudhansu/Desktop/ros2_intermediate_cource/my_ws/src/my_robot_hardware/src/my_robot_hardware.cpp:81[m[K:
[1.955s] [01m[K/home/sudhansu/Desktop/ros2_intermediate_cource/my_ws/src/my_robot_hardware/src/my_robot_hardware.cpp:82:1:[m[K [01;31m[Kerror: [m[Kinvalid conversion from â€˜[01m[Kconst char*[m[Kâ€™ to â€˜[01m[Kint[m[Kâ€™ [[01;31m[K]8;;https://gcc.gnu.org/onlinedocs/gcc/Warning-Options.html#index-fpermissive-fpermissive]8;;[m[K]
[1.955s]    82 | [01;31m[KPLUGINLIB_EXPORT_CLASS[m[K(my_robot_hardware::MyRobotHardware, hardware_interface::SystemInterface)
[1.955s]       | [01;31m[K^~~~~~~~~~~~~~~~~~~~~~[m[K
[1.955s]       | [01;31m[K|[m[K
[1.955s]       | [01;31m[Kconst char*[m[K
[1.955s] In file included from [01m[K/opt/ros/humble/include/class_loader/class_loader/class_loader.hpp:55[m[K,
[1.955s]                  from [01m[K/opt/ros/humble/include/pluginlib/pluginlib/class_list_macros.hpp:40[m[K,
[1.955s]                  from [01m[K/home/sudhansu/Desktop/ros2_intermediate_cource/my_ws/src/my_robot_hardware/src/my_robot_hardware.cpp:81[m[K:
[1.955s] [01m[K/opt/ros/humble/include/class_loader/class_loader/class_loader_core.hpp:210:41:[m[K [01;36m[Knote: [m[K  initializing argument 1 of â€˜[01m[Kvoid my_robot_hardware::class_loader::impl::registerPlugin(const int&, const int&) [with Derived = my_robot_hardware::MyRobotHardware; Base = hardware_interface::SystemInterface][m[Kâ€™
[1.955s]   210 | void registerPlugin([01;36m[Kconst std::string & class_name[m[K, const std::string & base_class_name)
[1.955s]       |                     [01;36m[K~~~~~~~~~~~~~~~~~~~~^~~~~~~~~~[m[K
[1.956s] In file included from [01m[K/opt/ros/humble/include/class_loader/class_loader/class_loader.hpp:56[m[K,
[1.956s]                  from [01m[K/opt/ros/humble/include/pluginlib/pluginlib/class_list_macros.hpp:40[m[K,
[1.956s]                  from [01m[K/home/sudhansu/Desktop/ros2_intermediate_cource/my_ws/src/my_robot_hardware/src/my_robot_hardware.cpp:81[m[K:
[1.956s] [01m[K/home/sudhansu/Desktop/ros2_intermediate_cource/my_ws/src/my_robot_hardware/src/my_robot_hardware.cpp:82:1:[m[K [01;31m[Kerror: [m[Kinvalid conversion from â€˜[01m[Kconst char*[m[Kâ€™ to â€˜[01m[Kint[m[Kâ€™ [[01;31m[K]8;;https://gcc.gnu.org/onlinedocs/gcc/Warning-Options.html#index-fpermissive-fpermissive]8;;[m[K]
[1.956s]    82 | [01;31m[KPLUGINLIB_EXPORT_CLASS[m[K(my_robot_hardware::MyRobotHardware, hardware_interface::SystemInterface)
[1.956s]       | [01;31m[K^~~~~~~~~~~~~~~~~~~~~~[m[K
[1.956s]       | [01;31m[K|[m[K
[1.956s]       | [01;31m[Kconst char*[m[K
[1.956s] In file included from [01m[K/opt/ros/humble/include/class_loader/class_loader/class_loader.hpp:55[m[K,
[1.956s]                  from [01m[K/opt/ros/humble/include/pluginlib/pluginlib/class_list_macros.hpp:40[m[K,
[1.956s]                  from [01m[K/home/sudhansu/Desktop/ros2_intermediate_cource/my_ws/src/my_robot_hardware/src/my_robot_hardware.cpp:81[m[K:
[1.956s] [01m[K/opt/ros/humble/include/class_loader/class_loader/class_loader_core.hpp:210:73:[m[K [01;36m[Knote: [m[K  initializing argument 2 of â€˜[01m[Kvoid my_robot_hardware::class_loader::impl::registerPlugin(const int&, const int&) [with Derived = my_robot_hardware::MyRobotHardware; Base = hardware_interface::SystemInterface][m[Kâ€™
[1.956s]   210 | rPlugin(const std::string & class_name, [01;36m[Kconst std::string & base_class_name[m[K)
[1.956s]       |                                         [01;36m[K~~~~~~~~~~~~~~~~~~~~^~~~~~~~~~~~~~~[m[K
[1.956s] 
[1.956s] In file included from [01m[K/opt/ros/humble/include/class_loader/class_loader/class_loader.hpp:56[m[K,
[1.957s]                  from [01m[K/opt/ros/humble/include/pluginlib/pluginlib/class_list_macros.hpp:40[m[K,
[1.957s]                  from [01m[K/home/sudhansu/Desktop/ros2_intermediate_cource/my_ws/src/my_robot_hardware/src/my_robot_hardware.cpp:81[m[K:
[1.957s] [01m[K/home/sudhansu/Desktop/ros2_intermediate_cource/my_ws/src/my_robot_hardware/src/my_robot_hardware.cpp:[m[K At global scope:
[1.957s] [01m[K/home/sudhansu/Desktop/ros2_intermediate_cource/my_ws/src/my_robot_hardware/src/my_robot_hardware.cpp:82:1:[m[K [01;31m[Kerror: [m[Kexpected â€˜[01m[K}[m[Kâ€™ at end of input
[1.957s]    82 | [01;31m[KPLUGINLIB_EXPORT_CLASS[m[K(my_robot_hardware::MyRobotHardware, hardware_interface::SystemInterface)
[1.957s]       | [01;31m[K^~~~~~~~~~~~~~~~~~~~~~[m[K
[1.957s] [01m[K/home/sudhansu/Desktop/ros2_intermediate_cource/my_ws/src/my_robot_hardware/src/my_robot_hardware.cpp:7:1:[m[K [01;36m[Knote: [m[Kto match this â€˜[01m[K{[m[Kâ€™
[1.957s]     7 | [01;36m[K{[m[K
[1.957s]       | [01;36m[K^[m[K
[2.031s] In file included from [01m[K/opt/ros/humble/include/class_loader/class_loader/class_loader.hpp:50[m[K,
[2.031s]                  from [01m[K/opt/ros/humble/include/pluginlib/pluginlib/class_list_macros.hpp:40[m[K,
[2.031s]                  from [01m[K/home/sudhansu/Desktop/ros2_intermediate_cource/my_ws/src/my_robot_hardware/src/my_robot_hardware.cpp:81[m[K:
[2.031s] /opt/ros/humble/include/class_loader/class_loader/class_loader_core.hpp: In instantiation of â€˜[01m[Kvoid my_robot_hardware::class_loader::impl::registerPlugin(const int&, const int&) [with Derived = my_robot_hardware::MyRobotHardware; Base = hardware_interface::SystemInterface][m[Kâ€™:
[2.031s] [01m[K/home/sudhansu/Desktop/ros2_intermediate_cource/my_ws/src/my_robot_hardware/src/my_robot_hardware.cpp:82:1:[m[K   required from here
[2.031s] [01m[K/opt/ros/humble/include/class_loader/class_loader/class_loader_core.hpp:215:3:[m[K [01;31m[Kerror: [m[Kâ€˜[01m[KgetCurrentlyLoadingLibraryName[m[Kâ€™ was not declared in this scope
[2.031s]   215 |   [01;31m[KCONSOLE_BRIDGE_logDebug[m[K(
[2.032s]       |   [01;31m[K^~~~~~~~~~~~~~~~~~~~~~~[m[K
[2.041s] In file included from [01m[K/opt/ros/humble/include/class_loader/class_loader/class_loader.hpp:55[m[K,
[2.041s]                  from [01m[K/opt/ros/humble/include/pluginlib/pluginlib/class_list_macros.hpp:40[m[K,
[2.041s]                  from [01m[K/home/sudhansu/Desktop/ros2_intermediate_cource/my_ws/src/my_robot_hardware/src/my_robot_hardware.cpp:81[m[K:
[2.042s] [01m[K/opt/ros/humble/include/class_loader/class_loader/class_loader_core.hpp:250:36:[m[K [01;31m[Kerror: [m[Kâ€˜[01m[KgetPluginBaseToFactoryMapMapMutex[m[Kâ€™ was not declared in this scope
[2.042s]   250 |   [01;31m[KgetPluginBaseToFactoryMapMapMutex()[m[K.lock();
[2.042s]       |   [01;31m[K~~~~~~~~~~~~~~~~~~~~~~~~~~~~~~~~~^~[m[K
[2.374s] gmake[2]: *** [CMakeFiles/my_robot_hardware.dir/build.make:76: CMakeFiles/my_robot_hardware.dir/src/my_robot_hardware.cpp.o] Error 1
[2.374s] gmake[1]: *** [CMakeFiles/Makefile2:137: CMakeFiles/my_robot_hardware.dir/all] Error 2
[2.374s] gmake: *** [Makefile:146: all] Error 2
[2.376s] Invoked command in '/home/sudhansu/Desktop/ros2_intermediate_cource/my_ws/build/my_robot_hardware' returned '2': CMAKE_PREFIX_PATH=${CMAKE_PREFIX_PATH}:/home/sudhansu/install/my_robot_controller:/home/sudhansu/Desktop/ROS2/ros2_workspace/install/urdf_rviz_r2d2:/home/sudhansu/Desktop/ROS2/ros2_workspace/install/py_srvcli:/home/sudhansu/Desktop/ROS2/ros2_workspace/install/my_robot_controller:/opt/ros/humble /usr/bin/cmake --build /home/sudhansu/Desktop/ros2_intermediate_cource/my_ws/build/my_robot_hardware -- -j8 -l8
